AndroidPlatformFactory.RegisterBuildPlatforms: UnrealBuildTool.AndroidPlatformSDK has no valid SDK
IOSPlatformFactory.RegisterBuildPlatforms: UnrealBuildTool.IOSPlatformSDK has no valid SDK
HTML5PlatformFactory.RegisterBuildPlatforms: UnrealBuildTool.HTML5PlatformSDK using manually installed SDK
LinuxPlatformFactory.RegisterBuildPlatforms: UnrealBuildTool.LinuxPlatformSDK has no valid SDK
WindowsPlatformFactory.RegisterBuildPlatforms: UnrealBuildTool.WindowsPlatformSDK using manually installed SDK
ProjectFileGenerator.GenerateProjectFiles: Discovering modules, targets and source code for project...
VCProjectFileGenerator.SetupSupportedPlatformsAndConfigurations: WARNING: Visual Studio C++ 2019 installation not found - ignoring preferred project file format.
WindowsPlatform.FindVSInstallDirs: Found Visual Studio installation: D:\Program Files (x86)\Microsoft Visual Studio\2017\Community (Product=Microsoft.VisualStudio.Product.Community, Version=15.9.28307.586, Sort=0)
WindowsPlatform.FindToolChainDirs: Found Visual Studio toolchain: D:\Program Files (x86)\Microsoft Visual Studio\2017\Community\VC\Tools\MSVC\14.16.27023 (Version=14.16.27023)
UnrealBuildTool.Main: ERROR: Visual Studio 2019 must be installed in order to build this target.
UnrealBuildTool.Main: BuildException: Visual Studio 2019 must be installed in order to build this target.
UnrealBuildTool.Main:    bei UnrealBuildTool.VCEnvironment.Create(WindowsCompiler Compiler, UnrealTargetPlatform Platform, WindowsArchitecture Architecture, String CompilerVersion, String WindowsSdkVersion) in D:\Build\++UE4\Sync\Engine\Saved\CsTools\Engine\Source\Programs\UnrealBuildTool\Platform\Windows\VCEnvironment.cs:Zeile 509.
UnrealBuildTool.Main:    bei UnrealBuildTool.WindowsPlatform.ValidateTarget(TargetRules Target) in D:\Build\++UE4\Sync\Engine\Saved\CsTools\Engine\Source\Programs\UnrealBuildTool\Platform\Windows\UEBuildWindows.cs:Zeile 710.
UnrealBuildTool.Main:    bei UnrealBuildTool.RulesAssembly.CreateTargetRulesInstance(String TypeName, TargetInfo TargetInfo, CommandLineArguments Arguments) in D:\Build\++UE4\Sync\Engine\Saved\CsTools\Engine\Source\Programs\UnrealBuildTool\System\RulesAssembly.cs:Zeile 551.
UnrealBuildTool.Main:    bei UnrealBuildTool.RulesAssembly.CreateTargetRules(String TargetName, UnrealTargetPlatform Platform, UnrealTargetConfiguration Configuration, String Architecture, FileReference ProjectFile, CommandLineArguments Arguments) in D:\Build\++UE4\Sync\Engine\Saved\CsTools\Engine\Source\Programs\UnrealBuildTool\System\RulesAssembly.cs:Zeile 611.
UnrealBuildTool.Main:    bei UnrealBuildTool.ProjectFileGenerator.AddProjectsForAllTargets(PlatformProjectGeneratorCollection PlatformProjectGenerators, List`1 AllGames, List`1 AllTargetFiles, ProjectFile& EngineProject, ProjectFile& EnterpriseProject, List`1& GameProjects, Dictionary`2& ProgramProjects) in D:\Build\++UE4\Sync\Engine\Saved\CsTools\Engine\Source\Programs\UnrealBuildTool\ProjectFiles\ProjectFileGenerator.cs:Zeile 2144.
UnrealBuildTool.Main:    bei UnrealBuildTool.ProjectFileGenerator.GenerateProjectFiles(PlatformProjectGeneratorCollection PlatformProjectGenerators, String[] Arguments) in D:\Build\++UE4\Sync\Engine\Saved\CsTools\Engine\Source\Programs\UnrealBuildTool\ProjectFiles\ProjectFileGenerator.cs:Zeile 689.
UnrealBuildTool.Main:    bei UnrealBuildTool.GenerateProjectFilesMode.Execute(CommandLineArguments Arguments) in D:\Build\++UE4\Sync\Engine\Saved\CsTools\Engine\Source\Programs\UnrealBuildTool\Modes\GenerateProjectFilesMode.cs:Zeile 172.
UnrealBuildTool.Main:    bei UnrealBuildTool.UnrealBuildTool.Main(String[] ArgumentsArray) in D:\Build\++UE4\Sync\Engine\Saved\CsTools\Engine\Source\Programs\UnrealBuildTool\UnrealBuildTool.cs:Zeile 477.
Timeline.Print: Timeline:
Timeline.Print: 
Timeline.Print: [ 0.000]
Timeline.Print: [ 0.000](+0.040) <unknown>
Timeline.Print: [ 0.040](+0.102) XmlConfig.ReadConfigFiles()
Timeline.Print: [ 0.142](+0.000) SingleInstanceMutex.Acquire()
Timeline.Print: [ 0.142](+0.081) UEBuildPlatform.RegisterPlatforms()
Timeline.Print:   0.143          [ 0.000](+0.036) Initializing InstalledPlatformInfo
Timeline.Print:   0.179          [ 0.037](+0.000) Querying types
Timeline.Print:   0.181          [ 0.039](+0.001) MacPlatformFactory
Timeline.Print:   0.183          [ 0.041](+0.000) TVOSPlatformFactory
Timeline.Print:   0.183          [ 0.041](+0.011) AndroidPlatformFactory
Timeline.Print:   0.194          [ 0.052](+0.000) HoloLensPlatformFactory
Timeline.Print:   0.195          [ 0.052](+0.016) IOSPlatformFactory
Timeline.Print:   0.211          [ 0.069](+0.006) HTML5PlatformFactory
Timeline.Print:   0.218          [ 0.075](+0.002) LinuxPlatformFactory
Timeline.Print:   0.220          [ 0.078](+0.000) LuminPlatformFactory
Timeline.Print:   0.220          [ 0.078](+0.003) WindowsPlatformFactory
Timeline.Print: [ 0.224](+0.524) <unknown>
Timeline.Print: [ 0.748](+0.001) Finding engine modules
Timeline.Print: [ 0.749](+0.002) Finding plugin modules
Timeline.Print: [ 0.752](+0.098) <unknown>
Timeline.Print: [ 0.851](+0.000) Finding program modules
Timeline.Print: [ 0.851](+0.000) Finding program targets
Timeline.Print: [ 0.851](+0.162) <unknown>
Timeline.Print: [ 1.013](+0.000) FileMetadataPrefetch.Stop()
Timeline.Print: [ 1.016]
